<?xml version="1.0" encoding="UTF-8" ?>
<testsuites errors="0"
            failures="1"
            tests="2">

  <testsuite name="demo"
    errors="0" failures="1" hostname="" id="" package="demo" skipped="0"
    tests="2" time="18.15" timestamp="">
  
    <testcase name="step one: navigate to google" classname="demo" time="8.244" assertions="2">

    

    
    </testcase>
  
    <testcase name="step two: click input" classname="demo" time="9.902" assertions="1">  <failure message="Testing if element [0;33m&lt;#main&gt;[0m contains text [0;33m&#39;Night Watch&#39;[0m in 5000ms - expected [0;32m&#34;contains text &#39;Night Watch&#39;&#34;[0m but got: [0;31m&#34;does not contain &#39;Night Watch&#39;&#34;[0m [0;90m(5872ms)[0m">    at Object.step two: click input (E:\Nightwatch\tests\demo.js:14:17)
    at processTicksAndRejections (internal/process/task_queues.js:97:5)</failure>

    
      <failure message="    at Object.step two: click input (E:\Nightwatch\tests\demo.js:14:17)">    at processTicksAndRejections (internal/process/task_queues.js:97:5)</failure>
    </testcase>
  

  

  
  </testsuite>
</testsuites>
